<?xml version="1.0" encoding="UTF-8"?>
<testsuite xmlns:xsi="http://www.w3.org/2001/XMLSchema-instance" xsi:schemaLocation="https://maven.apache.org/surefire/maven-surefire-plugin/xsd/surefire-test-report.xsd" name="ReceiptTest" time="0.025" tests="4" errors="0" skipped="0" failures="4">
  <properties>
[...]
</properties>
  <testcase name="myFourthTest" classname="ReceiptTest" time="0.017">
    <failure message="expected: &lt;24.22&gt; but was: &lt;22.02&gt;" type="org.opentest4j.AssertionFailedError"><![CDATA[org.opentest4j.AssertionFailedError: expected: <24.22> but was: <22.02>
	at ReceiptTest.myFourthTest(ReceiptTest.java:77)
]]></failure>
    <system-out><![CDATA[1 cd at 12.02
1 Parfume at 10.0
Sales Taxes null
Total 22.02
]]></system-out>
  </testcase>
  <testcase name="myThirdTest" classname="ReceiptTest" time="0.001">
    <failure message="expected: &lt;24.22&gt; but was: &lt;22.02&gt;" type="org.opentest4j.AssertionFailedError"><![CDATA[org.opentest4j.AssertionFailedError: expected: <24.22> but was: <22.02>
	at ReceiptTest.myThirdTest(ReceiptTest.java:61)
]]></failure>
    <system-out><![CDATA[1 cd at 12.02
1 Parfume at 10.0
Sales Taxes null
Total 22.02
]]></system-out>
  </testcase>
  <testcase name="mySecondTest" classname="ReceiptTest" time="0.003">
    <failure message="expected: &lt;29.83&gt; but was: &lt;28.33&gt;" type="org.opentest4j.AssertionFailedError"><![CDATA[org.opentest4j.AssertionFailedError: expected: <29.83> but was: <28.33>
	at ReceiptTest.mySecondTest(ReceiptTest.java:45)
]]></failure>
    <system-out><![CDATA[1 book at 12.49
1 cd at 14.99
1 chocolate bar at 0.85
Sales Taxes null
Total 28.33
]]></system-out>
  </testcase>
  <testcase name="myFirstTest" classname="ReceiptTest" time="0.001">
    <failure message="expected: &lt;24.22&gt; but was: &lt;22.02&gt;" type="org.opentest4j.AssertionFailedError"><![CDATA[org.opentest4j.AssertionFailedError: expected: <24.22> but was: <22.02>
	at ReceiptTest.myFirstTest(ReceiptTest.java:24)
]]></failure>
    <system-out><![CDATA[1 cd at 12.02
1 Parfume at 10.0
Sales Taxes null
Total 22.02
]]></system-out>
  </testcase>
</testsuite>