<?xml version="1.0" encoding="UTF-8"?>
<testsuite xmlns:xsi="http://www.w3.org/2001/XMLSchema-instance" xsi:schemaLocation="https://maven.apache.org/surefire/maven-surefire-plugin/xsd/surefire-test-report.xsd" name="ReceiptTest" time="0.025" tests="4" errors="0" skipped="0" failures="4">
  <properties>
    <property name="idea.version" value="2018.2.4"/>
    <property name="java.runtime.name" value="OpenJDK Runtime Environment"/>
    <property name="sun.boot.library.path" value="/usr/lib/jvm/java-1.8.0-openjdk-1.8.0.181.b15-5.fc28.x86_64/jre/lib/amd64"/>
    <property name="java.vm.version" value="25.181-b15"/>
    <property name="java.vm.vendor" value="Oracle Corporation"/>
    <property name="maven.multiModuleProjectDirectory" value="/home/matteo/mystuff/taxes"/>
    <property name="java.vendor.url" value="http://java.oracle.com/"/>
    <property name="path.separator" value=":"/>
    <property name="guice.disable.misplaced.annotation.check" value="true"/>
    <property name="java.vm.name" value="OpenJDK 64-Bit Server VM"/>
    <property name="file.encoding.pkg" value="sun.io"/>
    <property name="user.country" value="US"/>
    <property name="sun.java.launcher" value="SUN_STANDARD"/>
    <property name="sun.os.patch.level" value="unknown"/>
    <property name="java.vm.specification.name" value="Java Virtual Machine Specification"/>
    <property name="user.dir" value="/home/matteo/mystuff/taxes"/>
    <property name="java.runtime.version" value="1.8.0_181-b15"/>
    <property name="java.awt.graphicsenv" value="sun.awt.X11GraphicsEnvironment"/>
    <property name="java.endorsed.dirs" value="/usr/lib/jvm/java-1.8.0-openjdk-1.8.0.181.b15-5.fc28.x86_64/jre/lib/endorsed"/>
    <property name="os.arch" value="amd64"/>
    <property name="java.io.tmpdir" value="/tmp"/>
    <property name="line.separator" value="&#10;"/>
    <property name="java.vm.specification.vendor" value="Oracle Corporation"/>
    <property name="os.name" value="Linux"/>
    <property name="classworlds.conf" value="/home/matteo/env/idea-IC-181.4668.68/plugins/maven/lib/maven3/bin/m2.conf"/>
    <property name="sun.jnu.encoding" value="UTF-8"/>
    <property name="java.library.path" value="/usr/java/packages/lib/amd64:/usr/lib64:/lib64:/lib:/usr/lib"/>
    <property name="java.specification.name" value="Java Platform API Specification"/>
    <property name="java.class.version" value="52.0"/>
    <property name="sun.management.compiler" value="HotSpot 64-Bit Tiered Compilers"/>
    <property name="os.version" value="4.18.13-200.fc28.x86_64"/>
    <property name="user.home" value="/home/matteo"/>
    <property name="user.timezone" value="Europe/Rome"/>
    <property name="java.awt.printerjob" value="sun.print.PSPrinterJob"/>
    <property name="java.specification.version" value="1.8"/>
    <property name="file.encoding" value="UTF-8"/>
    <property name="user.name" value="matteo"/>
    <property name="java.class.path" value="/home/matteo/env/idea-IC-181.4668.68/plugins/maven/lib/maven3/boot/plexus-classworlds-2.5.2.jar:/home/matteo/env/idea-IC-181.4668.68/lib/idea_rt.jar"/>
    <property name="java.vm.specification.version" value="1.8"/>
    <property name="sun.arch.data.model" value="64"/>
    <property name="java.home" value="/usr/lib/jvm/java-1.8.0-openjdk-1.8.0.181.b15-5.fc28.x86_64/jre"/>
    <property name="sun.java.command" value="org.codehaus.classworlds.Launcher -Didea.version=2018.2.4 clean test"/>
    <property name="java.specification.vendor" value="Oracle Corporation"/>
    <property name="user.language" value="en"/>
    <property name="awt.toolkit" value="sun.awt.X11.XToolkit"/>
    <property name="java.vm.info" value="mixed mode"/>
    <property name="java.version" value="1.8.0_181"/>
    <property name="java.ext.dirs" value="/usr/lib/jvm/java-1.8.0-openjdk-1.8.0.181.b15-5.fc28.x86_64/jre/lib/ext:/usr/java/packages/lib/ext"/>
    <property name="securerandom.source" value="file:/dev/./urandom"/>
    <property name="sun.boot.class.path" value="/usr/lib/jvm/java-1.8.0-openjdk-1.8.0.181.b15-5.fc28.x86_64/jre/lib/resources.jar:/usr/lib/jvm/java-1.8.0-openjdk-1.8.0.181.b15-5.fc28.x86_64/jre/lib/rt.jar:/usr/lib/jvm/java-1.8.0-openjdk-1.8.0.181.b15-5.fc28.x86_64/jre/lib/sunrsasign.jar:/usr/lib/jvm/java-1.8.0-openjdk-1.8.0.181.b15-5.fc28.x86_64/jre/lib/jsse.jar:/usr/lib/jvm/java-1.8.0-openjdk-1.8.0.181.b15-5.fc28.x86_64/jre/lib/jce.jar:/usr/lib/jvm/java-1.8.0-openjdk-1.8.0.181.b15-5.fc28.x86_64/jre/lib/charsets.jar:/usr/lib/jvm/java-1.8.0-openjdk-1.8.0.181.b15-5.fc28.x86_64/jre/lib/jfr.jar:/usr/lib/jvm/java-1.8.0-openjdk-1.8.0.181.b15-5.fc28.x86_64/jre/classes"/>
    <property name="java.vendor" value="Oracle Corporation"/>
    <property name="maven.home" value="/home/matteo/env/idea-IC-181.4668.68/plugins/maven/lib/maven3"/>
    <property name="file.separator" value="/"/>
    <property name="java.vendor.url.bug" value="http://bugreport.sun.com/bugreport/"/>
    <property name="sun.cpu.endian" value="little"/>
    <property name="sun.io.unicode.encoding" value="UnicodeLittle"/>
    <property name="sun.desktop" value="gnome"/>
    <property name="sun.cpu.isalist" value=""/>
  </properties>
  <testcase name="myFourthTest" classname="ReceiptTest" time="0.017">
    <failure message="expected: &lt;24.22&gt; but was: &lt;22.02&gt;" type="org.opentest4j.AssertionFailedError"><![CDATA[org.opentest4j.AssertionFailedError: expected: <24.22> but was: <22.02>
	at ReceiptTest.myFourthTest(ReceiptTest.java:77)
]]></failure>
    <system-out><![CDATA[1 cd at 12.02
1 Parfume at 10.0
Sales Taxes null
Total 22.02
]]></system-out>
  </testcase>
  <testcase name="myThirdTest" classname="ReceiptTest" time="0.001">
    <failure message="expected: &lt;24.22&gt; but was: &lt;22.02&gt;" type="org.opentest4j.AssertionFailedError"><![CDATA[org.opentest4j.AssertionFailedError: expected: <24.22> but was: <22.02>
	at ReceiptTest.myThirdTest(ReceiptTest.java:61)
]]></failure>
    <system-out><![CDATA[1 cd at 12.02
1 Parfume at 10.0
Sales Taxes null
Total 22.02
]]></system-out>
  </testcase>
  <testcase name="mySecondTest" classname="ReceiptTest" time="0.003">
    <failure message="expected: &lt;29.83&gt; but was: &lt;28.33&gt;" type="org.opentest4j.AssertionFailedError"><![CDATA[org.opentest4j.AssertionFailedError: expected: <29.83> but was: <28.33>
	at ReceiptTest.mySecondTest(ReceiptTest.java:45)
]]></failure>
    <system-out><![CDATA[1 book at 12.49
1 cd at 14.99
1 chocolate bar at 0.85
Sales Taxes null
Total 28.33
]]></system-out>
  </testcase>
  <testcase name="myFirstTest" classname="ReceiptTest" time="0.001">
    <failure message="expected: &lt;24.22&gt; but was: &lt;22.02&gt;" type="org.opentest4j.AssertionFailedError"><![CDATA[org.opentest4j.AssertionFailedError: expected: <24.22> but was: <22.02>
	at ReceiptTest.myFirstTest(ReceiptTest.java:24)
]]></failure>
    <system-out><![CDATA[1 cd at 12.02
1 Parfume at 10.0
Sales Taxes null
Total 22.02
]]></system-out>
  </testcase>
</testsuite>